# JRE version: OpenJDK Runtime Environment (8.0_202-b03) (build 1.8.0_202-release-1483-b03)
# Java VM: OpenJDK 64-Bit Server VM (25.202-b03 mixed mode windows-amd64 compressed oops)
Heap:
 PSYoungGen      total 226304K, used 11603K [0x00000000e0000000, 0x00000000f1e80000, 0x0000000100000000)
  eden space 189952K, 6% used [0x00000000e0000000,0x00000000e0b54e58,0x00000000eb980000)
  from space 36352K, 0% used [0x00000000eb980000,0x00000000eb980000,0x00000000edd00000)
  to   space 39424K, 0% used [0x00000000ef800000,0x00000000ef800000,0x00000000f1e80000)
 ParOldGen       total 172032K, used 49209K [0x00000000a0000000, 0x00000000aa800000, 0x00000000e0000000)
  object space 172032K, 28% used [0x00000000a0000000,0x00000000a300e668,0x00000000aa800000)
 Metaspace       used 91909K, capacity 94535K, committed 98380K, reserved 1134592K
  class space    used 11688K, capacity 12203K, committed 13056K, reserved 1048576K
GC Heap History (10 events):
Event: 44.948 GC heap before
{Heap before GC invocations=19 (full 3):
 PSYoungGen      total 158208K, used 158191K [0x00000000e0000000, 0x00000000ed480000, 0x0000000100000000)
  eden space 138752K, 100% used [0x00000000e0000000,0x00000000e8780000,0x00000000e8780000)
  from space 19456K, 99% used [0x00000000e8780000,0x00000000e9a7bf00,0x00000000e9a80000)
  to   space 24064K, 0% used [0x00000000ebd00000,0x00000000ebd00000,0x00000000ed480000)
 ParOldGen       total 118784K, used 37873K [0x00000000a0000000, 0x00000000a7400000, 0x00000000e0000000)
  object space 118784K, 31% used [0x00000000a0000000,0x00000000a24fc7e8,0x00000000a7400000)
 Metaspace       used 80830K, capacity 83853K, committed 84056K, reserved 1122304K
  class space    used 10646K, capacity 11307K, committed 11392K, reserved 1048576K
Event: 45.007 GC heap after
Heap after GC invocations=19 (full 3):
 PSYoungGen      total 191488K, used 19242K [0x00000000e0000000, 0x00000000edb80000, 0x0000000100000000)
  eden space 167424K, 0% used [0x00000000e0000000,0x00000000e0000000,0x00000000ea380000)
  from space 24064K, 79% used [0x00000000ebd00000,0x00000000ecfca898,0x00000000ed480000)
  to   space 26112K, 0% used [0x00000000ea380000,0x00000000ea380000,0x00000000ebd00000)
 ParOldGen       total 118784K, used 44101K [0x00000000a0000000, 0x00000000a7400000, 0x00000000e0000000)
  object space 118784K, 37% used [0x00000000a0000000,0x00000000a2b11550,0x00000000a7400000)
 Metaspace       used 80830K, capacity 83853K, committed 84056K, reserved 1122304K
  class space    used 10646K, capacity 11307K, committed 11392K, reserved 1048576K
}
Event: 47.206 GC heap before
{Heap before GC invocations=20 (full 3):
 PSYoungGen      total 191488K, used 186666K [0x00000000e0000000, 0x00000000edb80000, 0x0000000100000000)
  eden space 167424K, 100% used [0x00000000e0000000,0x00000000ea380000,0x00000000ea380000)
  from space 24064K, 79% used [0x00000000ebd00000,0x00000000ecfca898,0x00000000ed480000)
  to   space 26112K, 0% used [0x00000000ea380000,0x00000000ea380000,0x00000000ebd00000)
 ParOldGen       total 118784K, used 44101K [0x00000000a0000000, 0x00000000a7400000, 0x00000000e0000000)
  object space 118784K, 37% used [0x00000000a0000000,0x00000000a2b11550,0x00000000a7400000)
 Metaspace       used 82828K, capacity 85967K, committed 86104K, reserved 1124352K
  class space    used 10915K, capacity 11588K, committed 11648K, reserved 1048576K
Event: 47.237 GC heap after
Heap after GC invocations=20 (full 3):
 PSYoungGen      total 193536K, used 26080K [0x00000000e0000000, 0x00000000efc80000, 0x0000000100000000)
  eden space 167424K, 0% used [0x00000000e0000000,0x00000000e0000000,0x00000000ea380000)
  from space 26112K, 99% used [0x00000000ea380000,0x00000000ebcf8020,0x00000000ebd00000)
  to   space 32256K, 0% used [0x00000000edd00000,0x00000000edd00000,0x00000000efc80000)
 ParOldGen       total 118784K, used 51141K [0x00000000a0000000, 0x00000000a7400000, 0x00000000e0000000)
  object space 118784K, 43% used [0x00000000a0000000,0x00000000a31f1408,0x00000000a7400000)
 Metaspace       used 82828K, capacity 85967K, committed 86104K, reserved 1124352K
  class space    used 10915K, capacity 11588K, committed 11648K, reserved 1048576K
}
Event: 53.943 GC heap before
{Heap before GC invocations=21 (full 3):
 PSYoungGen      total 193536K, used 193504K [0x00000000e0000000, 0x00000000efc80000, 0x0000000100000000)
  eden space 167424K, 100% used [0x00000000e0000000,0x00000000ea380000,0x00000000ea380000)
  from space 26112K, 99% used [0x00000000ea380000,0x00000000ebcf8020,0x00000000ebd00000)
  to   space 32256K, 0% used [0x00000000edd00000,0x00000000edd00000,0x00000000efc80000)
 ParOldGen       total 118784K, used 51141K [0x00000000a0000000, 0x00000000a7400000, 0x00000000e0000000)
  object space 118784K, 43% used [0x00000000a0000000,0x00000000a31f1408,0x00000000a7400000)
 Metaspace       used 92060K, capacity 95973K, committed 96216K, reserved 1132544K
  class space    used 11971K, capacity 12730K, committed 12800K, reserved 1048576K
Event: 54.033 GC heap after
Heap after GC invocations=21 (full 3):
 PSYoungGen      total 222208K, used 30006K [0x00000000e0000000, 0x00000000f0400000, 0x0000000100000000)
  eden space 189952K, 0% used [0x00000000e0000000,0x00000000e0000000,0x00000000eb980000)
  from space 32256K, 93% used [0x00000000edd00000,0x00000000efa4d8f0,0x00000000efc80000)
  to   space 36352K, 0% used [0x00000000eb980000,0x00000000eb980000,0x00000000edd00000)
 ParOldGen       total 118784K, used 63768K [0x00000000a0000000, 0x00000000a7400000, 0x00000000e0000000)
  object space 118784K, 53% used [0x00000000a0000000,0x00000000a3e462f8,0x00000000a7400000)
 Metaspace       used 92060K, capacity 95973K, committed 96216K, reserved 1132544K
  class space    used 11971K, capacity 12730K, committed 12800K, reserved 1048576K
}
Event: 7324.590 GC heap before
{Heap before GC invocations=22 (full 3):
 PSYoungGen      total 222208K, used 207057K [0x00000000e0000000, 0x00000000f0400000, 0x0000000100000000)
  eden space 189952K, 93% used [0x00000000e0000000,0x00000000eace6cb0,0x00000000eb980000)
  from space 32256K, 93% used [0x00000000edd00000,0x00000000efa4d8f0,0x00000000efc80000)
  to   space 36352K, 0% used [0x00000000eb980000,0x00000000eb980000,0x00000000edd00000)
 ParOldGen       total 118784K, used 63768K [0x00000000a0000000, 0x00000000a7400000, 0x00000000e0000000)
  object space 118784K, 53% used [0x00000000a0000000,0x00000000a3e462f8,0x00000000a7400000)
 Metaspace       used 94172K, capacity 98245K, committed 98380K, reserved 1134592K
  class space    used 12166K, capacity 12956K, committed 13056K, reserved 1048576K
Event: 7325.356 GC heap after
Heap after GC invocations=22 (full 3):
 PSYoungGen      total 226304K, used 28768K [0x00000000e0000000, 0x00000000f1e80000, 0x0000000100000000)
  eden space 189952K, 0% used [0x00000000e0000000,0x00000000e0000000,0x00000000eb980000)
  from space 36352K, 79% used [0x00000000eb980000,0x00000000ed598098,0x00000000edd00000)
  to   space 39424K, 0% used [0x00000000ef800000,0x00000000ef800000,0x00000000f1e80000)
 ParOldGen       total 118784K, used 63776K [0x00000000a0000000, 0x00000000a7400000, 0x00000000e0000000)
  object space 118784K, 53% used [0x00000000a0000000,0x00000000a3e482f8,0x00000000a7400000)
 Metaspace       used 94172K, capacity 98245K, committed 98380K, reserved 1134592K
  class space    used 12166K, capacity 12956K, committed 13056K, reserved 1048576K
}
Event: 7325.356 GC heap before
{Heap before GC invocations=23 (full 4):
 PSYoungGen      total 226304K, used 28768K [0x00000000e0000000, 0x00000000f1e80000, 0x0000000100000000)
  eden space 189952K, 0% used [0x00000000e0000000,0x00000000e0000000,0x00000000eb980000)
  from space 36352K, 79% used [0x00000000eb980000,0x00000000ed598098,0x00000000edd00000)
  to   space 39424K, 0% used [0x00000000ef800000,0x00000000ef800000,0x00000000f1e80000)
 ParOldGen       total 118784K, used 63776K [0x00000000a0000000, 0x00000000a7400000, 0x00000000e0000000)
  object space 118784K, 53% used [0x00000000a0000000,0x00000000a3e482f8,0x00000000a7400000)
 Metaspace       used 94172K, capacity 98245K, committed 98380K, reserved 1134592K
  class space    used 12166K, capacity 12956K, committed 13056K, reserved 1048576K
Event: 7327.519 GC heap after
Heap after GC invocations=23 (full 4):
 PSYoungGen      total 226304K, used 0K [0x00000000e0000000, 0x00000000f1e80000, 0x0000000100000000)
  eden space 189952K, 0% used [0x00000000e0000000,0x00000000e0000000,0x00000000eb980000)
  from space 36352K, 0% used [0x00000000eb980000,0x00000000eb980000,0x00000000edd00000)
  to   space 39424K, 0% used [0x00000000ef800000,0x00000000ef800000,0x00000000f1e80000)
 ParOldGen       total 172032K, used 49209K [0x00000000a0000000, 0x00000000aa800000, 0x00000000e0000000)
  object space 172032K, 28% used [0x00000000a0000000,0x00000000a300e668,0x00000000aa800000)
 Metaspace       used 91830K, capacity 94407K, committed 98380K, reserved 1134592K
  class space    used 11680K, capacity 12203K, committed 13056K, reserved 1048576K
}

